A51 MACRO ASSEMBLER  PWM2                                                                 09/05/2020 19:20:30 PAGE     1


MACRO ASSEMBLER A51 V8.2.7.0
OBJECT MODULE PLACED IN .\Objects\PWM2.obj
ASSEMBLER INVOKED BY: C:\Keil_v5\C51\BIN\A51.EXE PWM2.asm SET(SMALL) DEBUG PRINT(.\Listings\PWM2.lst) OBJECT(.\Objects\P
                      WM2.obj) EP

LOC  OBJ            LINE     SOURCE

0000                   1     ORG 0000H
0000 74FF              2     MOV A,#0FFH
0002 F4                3     BACK: CPL A
0003 F590              4     MOV P1,A
0005 12000A            5     LCALL DELAY
0008 80F8              6     SJMP BACK
000A 7905              7     DELAY: MOV R1,#5 ;outer loop executed 5 times (1)
000C 7A5F              8     A1: MOV R2,#95 ; count goes to 95 times for every one outer loop. (1)
000E 7BC8              9     B1: MOV R3,#200
0010 DBFE             10     AGAIN:DJNZ R3,AGAIN ;(2)
0012 DAFA             11     DJNZ R2,B1 ;(2)
0014 D9F6             12     DJNZ R1,A1
0016 22               13     RET
                      14     END
A51 MACRO ASSEMBLER  PWM2                                                                 09/05/2020 19:20:30 PAGE     2

SYMBOL TABLE LISTING
------ ----- -------


N A M E             T Y P E  V A L U E   ATTRIBUTES

A1 . . . . . . . .  C ADDR   000CH   A   
AGAIN. . . . . . .  C ADDR   0010H   A   
B1 . . . . . . . .  C ADDR   000EH   A   
BACK . . . . . . .  C ADDR   0002H   A   
DELAY. . . . . . .  C ADDR   000AH   A   
P1 . . . . . . . .  D ADDR   0090H   A   


REGISTER BANK(S) USED: 0 


ASSEMBLY COMPLETE.  0 WARNING(S), 0 ERROR(S)
