A51 MACRO ASSEMBLER  PWM3                                                                 09/05/2020 00:52:31 PAGE     1


MACRO ASSEMBLER A51 V8.2.7.0
OBJECT MODULE PLACED IN .\Objects\PWM3.obj
ASSEMBLER INVOKED BY: C:\Keil_v5\C51\BIN\A51.EXE PWM3.asm SET(SMALL) DEBUG PRINT(.\Listings\PWM3.lst) OBJECT(.\Objects\P
                      WM3.obj) EP

LOC  OBJ            LINE     SOURCE

0000                   1     ORG 0000H
0000 758901            2     MOV TMOD,#01H
0003 758A6C            3     BACK:MOV TL0,#6CH
0006 758CFC            4     MOV TH0,#0FCH
0009 D28C              5     SETB TR0
000B 308DFD            6     AGAIN:JNB TF0,AGAIN
000E C28D              7     CLR TF0
0010 B2A4              8     CPL P2.4
0012 C28D              9     CLR TF0
0014 80ED             10     SJMP BACK
                      11     END
A51 MACRO ASSEMBLER  PWM3                                                                 09/05/2020 00:52:31 PAGE     2

SYMBOL TABLE LISTING
------ ----- -------


N A M E             T Y P E  V A L U E   ATTRIBUTES

AGAIN. . . . . . .  C ADDR   000BH   A   
BACK . . . . . . .  C ADDR   0003H   A   
P2 . . . . . . . .  D ADDR   00A0H   A   
TF0. . . . . . . .  B ADDR   0088H.5 A   
TH0. . . . . . . .  D ADDR   008CH   A   
TL0. . . . . . . .  D ADDR   008AH   A   
TMOD . . . . . . .  D ADDR   0089H   A   
TR0. . . . . . . .  B ADDR   0088H.4 A   


REGISTER BANK(S) USED: 0 


ASSEMBLY COMPLETE.  0 WARNING(S), 0 ERROR(S)
