A51 MACRO ASSEMBLER  INDIRECTLOOP2                                                        07/30/2020 22:13:08 PAGE     1


MACRO ASSEMBLER A51 V8.2.7.0
OBJECT MODULE PLACED IN .\Objects\indirectloop2.obj
ASSEMBLER INVOKED BY: C:\Keil_v5\C51\BIN\A51.EXE indirectloop2.asm SET(SMALL) DEBUG PRINT(.\Listings\indirectloop2.lst) 
                      OBJECT(.\Objects\indirectloop2.obj) EP

LOC  OBJ            LINE     SOURCE

0000                   1     ORG 0000H
0000 7444              2     MOV A,#44H
0002 7850              3     MOV R0,#50H
0004 7A05              4     MOV R2,#5 ;COUNTER
0006 F6                5     AGAIN:MOV @R0,A
0007 08                6     INC R0
0008 DAFC              7     DJNZ R2,AGAIN
                       8     END
A51 MACRO ASSEMBLER  INDIRECTLOOP2                                                        07/30/2020 22:13:08 PAGE     2

SYMBOL TABLE LISTING
------ ----- -------


N A M E             T Y P E  V A L U E   ATTRIBUTES

AGAIN. . . . . . .  C ADDR   0006H   A   


REGISTER BANK(S) USED: 0 


ASSEMBLY COMPLETE.  0 WARNING(S), 0 ERROR(S)
