A51 MACRO ASSEMBLER  INDIRECTLOOP                                                         07/30/2020 22:10:25 PAGE     1


MACRO ASSEMBLER A51 V8.2.7.0
OBJECT MODULE PLACED IN .\Objects\indirectloop.obj
ASSEMBLER INVOKED BY: C:\Keil_v5\C51\BIN\A51.EXE indirectloop.asm SET(SMALL) DEBUG PRINT(.\Listings\indirectloop.lst) OB
                      JECT(.\Objects\indirectloop.obj) EP

LOC  OBJ            LINE     SOURCE

0000                   1     ORG 0000H
0000 7444              2     MOV A,#44H 
0002 7850              3     MOV R0,#50H ;ADDRESS OF 50H TO R0
0004 F6                4     MOV @R0,A ;CONTENTS OF A TO THE ADDRESS OF R0(50H)
0005 08                5     INC R0 ;ADDRESS TO 51H
0006 F6                6     MOV @R0,A
0007 08                7     INC R0
0008 F6                8     MOV @R0,A
0009 08                9     INC R0
000A F6               10     MOV @R0,A
000B 08               11     INC R0
000C F6               12     MOV @R0,A
000D 08               13     INC R0
                      14     END
A51 MACRO ASSEMBLER  INDIRECTLOOP                                                         07/30/2020 22:10:25 PAGE     2

SYMBOL TABLE LISTING
------ ----- -------


N A M E             T Y P E  V A L U E   ATTRIBUTES



REGISTER BANK(S) USED: 0 


ASSEMBLY COMPLETE.  0 WARNING(S), 0 ERROR(S)
